#-----------------------------------------------------------
# Vivado v2024.2 (64-bit)
# SW Build 5239630 on Fri Nov 08 22:35:27 MST 2024
# IP Build 5239520 on Sun Nov 10 16:12:51 MST 2024
# SharedData Build 5239561 on Fri Nov 08 14:39:27 MST 2024
# Start of session at: Sun May 24 14:36:12 2026
# Process ID         : 24444
# Current directory  : C:/Users/filip/Desktop/SDUP/sim
# Command line       : vivado.exe -mode batch -source run_sim.tcl
# Log file           : C:/Users/filip/Desktop/SDUP/sim/vivado.log
# Journal file       : C:/Users/filip/Desktop/SDUP/sim\vivado.jou
# Running On         : DESKTOP-4VPMDDR
# Platform           : Windows Server 2016 or Windows 10
# Operating System   : 19045
# Processor Detail   : Intel(R) Core(TM) i5-9600K CPU @ 3.70GHz
# CPU Frequency      : 3696 MHz
# CPU Physical cores : 6
# CPU Logical cores  : 6
# Host memory        : 25706 MB
# Swap memory        : 3758 MB
# Total Virtual      : 29464 MB
# Available Virtual  : 8349 MB
#-----------------------------------------------------------
source run_sim.tcl
# set project_name "pulse_detector_sim"
# set project_dir  "./vivado_sim"
# create_project $project_name $project_dir -part xczu7ev-ffvc1156-2-e -force
# add_files -norecurse {
#     ../rtl/pulse_detector.v
#     ../rtl/pulse_detector_axi.v
# }
# add_files -fileset sim_1 -norecurse {
#     ../sim/tb_pulse_detector.v
# }
# set_property top tb_pulse_detector [get_filesets sim_1]
# set_property top_lib xil_defaultlib [get_filesets sim_1]
# launch_simulation
Command: launch_simulation 
INFO: [Vivado 12-12493] Simulation top is 'tb_pulse_detector'
WARNING: [Vivado 12-13340] Unable to auto find GCC executables from simulator install path! (path not set)
INFO: [Vivado 12-5682] Launching behavioral simulation in 'C:/Users/filip/Desktop/SDUP/sim/vivado_sim/pulse_detector_sim.sim/sim_1/behav/xsim'
INFO: [SIM-utils-51] Simulation object is 'sim_1'
INFO: [SIM-utils-72] Using boost library from 'C:/Xilinx/Vivado/2024.2/tps/boost_1_72_0'
INFO: [SIM-utils-54] Inspecting design source files for 'tb_pulse_detector' in fileset 'sim_1'...
INFO: [USF-XSim-97] Finding global include files...
INFO: [USF-XSim-98] Fetching design files from 'sim_1'...
INFO: [USF-XSim-2] XSim::Compile design
INFO: [USF-XSim-61] Executing 'COMPILE and ANALYZE' step in 'C:/Users/filip/Desktop/SDUP/sim/vivado_sim/pulse_detector_sim.sim/sim_1/behav/xsim'
"xvlog --incr --relax -prj tb_pulse_detector_vlog.prj"
INFO: [VRFC 10-2263] Analyzing Verilog file "C:/Users/filip/Desktop/SDUP/rtl/pulse_detector.v" into library xil_defaultlib
INFO: [VRFC 10-311] analyzing module pulse_detector
INFO: [VRFC 10-2263] Analyzing Verilog file "C:/Users/filip/Desktop/SDUP/sim/tb_pulse_detector.v" into library xil_defaultlib
INFO: [VRFC 10-311] analyzing module tb_pulse_detector
INFO: [VRFC 10-2263] Analyzing Verilog file "C:/Users/filip/Desktop/SDUP/sim/vivado_sim/pulse_detector_sim.sim/sim_1/behav/xsim/glbl.v" into library xil_defaultlib
INFO: [VRFC 10-311] analyzing module glbl
INFO: [USF-XSim-69] 'compile' step finished in '2' seconds
INFO: [USF-XSim-3] XSim::Elaborate design
INFO: [USF-XSim-61] Executing 'ELABORATE' step in 'C:/Users/filip/Desktop/SDUP/sim/vivado_sim/pulse_detector_sim.sim/sim_1/behav/xsim'
"xelab --incr --debug typical --relax --mt 2 -L xil_defaultlib -L unisims_ver -L unimacro_ver -L secureip --snapshot tb_pulse_detector_behav xil_defaultlib.tb_pulse_detector xil_defaultlib.glbl -log elaborate.log"
Vivado Simulator v2024.2.0
Copyright 1986-2022 Xilinx, Inc. All Rights Reserved.
Copyright 2022-2024 Advanced Micro Devices, Inc. All Rights Reserved.
Running: C:/Xilinx/Vivado/2024.2/bin/unwrapped/win64.o/xelab.exe --incr --debug typical --relax --mt 2 -L xil_defaultlib -L unisims_ver -L unimacro_ver -L secureip --snapshot tb_pulse_detector_behav xil_defaultlib.tb_pulse_detector xil_defaultlib.glbl -log elaborate.log 
Using 2 slave threads.
Starting static elaboration
Pass Through NonSizing Optimizer
Completed static elaboration
Starting simulation data flow analysis
WARNING: [XSIM 43-4099] "C:/Users/filip/Desktop/SDUP/rtl/pulse_detector.v" Line 10. Module pulse_detector doesn't have a timescale but at least one module in design has a timescale.
WARNING: [XSIM 43-4099] "C:/Users/filip/Desktop/SDUP/rtl/pulse_detector.v" Line 10. Module pulse_detector doesn't have a timescale but at least one module in design has a timescale.
Completed simulation data flow analysis
Time Resolution for simulation is 1ps
Compiling module xil_defaultlib.pulse_detector
Compiling module xil_defaultlib.tb_pulse_detector
Compiling module xil_defaultlib.glbl
Built simulation snapshot tb_pulse_detector_behav
INFO: [USF-XSim-69] 'elaborate' step finished in '2' seconds
INFO: [USF-XSim-4] XSim::Simulate design
INFO: [USF-XSim-61] Executing 'SIMULATE' step in 'C:/Users/filip/Desktop/SDUP/sim/vivado_sim/pulse_detector_sim.sim/sim_1/behav/xsim'
INFO: [USF-XSim-98] *** Running xsim
   with args "tb_pulse_detector_behav -key {Behavioral:sim_1:Functional:tb_pulse_detector} -tclbatch {tb_pulse_detector.tcl} -log {simulate.log}"
INFO: [USF-XSim-8] Loading simulator feature
Time resolution is 1 ps
source tb_pulse_detector.tcl
## set curr_wave [current_wave_config]
## if { [string length $curr_wave] == 0 } {
##   if { [llength [get_objects]] > 0} {
##     add_wave /
##     set_property needs_save false [current_wave_config]
##   } else {
##      send_msg_id Add_Wave-1 WARNING "No top level signals found. Simulator will start without a wave window. If you want to open a wave window go to 'File->New Waveform Configuration' or type 'create_wave_config' in the TCL console."
##   }
## }
## run 1000ns
=== TB START: pulse_detector ===
[65000] Reset released
[65000] Sending 20 baseline samples (value=500)
[465000] Sending trigger sample (value=1200 > threshold=1000)
[535000] PASS: trigger_flag asserted, trigger_time=44
[635000] Dropping below hysteresis (value=850)
INFO: [USF-XSim-96] XSim completed. Design snapshot 'tb_pulse_detector_behav' loaded.
INFO: [USF-XSim-97] XSim simulation ran for 1000ns
launch_simulation: Time (s): cpu = 00:00:00 ; elapsed = 00:00:08 . Memory (MB): peak = 385.543 ; gain = 18.867
# run all
[1125000] PASS: capture_done asserted. buf[12..42]
[1125000] Reading 8 samples from circular buffer:
  buf[12] = 500
  buf[13] = 500
  buf[14] = 500
  buf[15] = 500
  buf[16] = 500
  buf[17] = 500
  buf[18] = 500
  buf[19] = 500
[1245000] Re-armed
[1315000] PASS: no trigger when disabled
=== ALL TESTS PASSED ===
$finish called at time : 1415 ns : File "C:/Users/filip/Desktop/SDUP/sim/tb_pulse_detector.v" Line 163
# close_project
INFO: [Common 17-206] Exiting Vivado at Sun May 24 14:36:26 2026...
